<?xml version="1.0" encoding="UTF-8"?>
<!-- Generated by org.testng.reporters.JUnitReportReporter -->
<testsuite hostname="ATMECSINDT-047" name="com.jdpa.services.Controller" tests="1" failures="0" timestamp="19 Jan 2015 11:39:08 GMT" time="5.214" errors="0">
  <testcase name="firstTest" time="5.214" classname="com.jdpa.services.Controller"/>
</testsuite> <!-- com.jdpa.services.Controller -->
